
> where2meet-client@1.0.0 dev /Users/victor/work/where2meet-clientside/where2meet-client
> next dev -p 4000

   ▲ Next.js 15.5.4
   - Local:        http://localhost:4000
   - Network:      http://10.13.0.99:4000
   - Environments: .env.local

 ✓ Starting...
 ✓ Ready in 1028ms
 ○ Compiling / ...
 ✓ Compiled / in 830ms (615 modules)
 GET / 200 in 1031ms
 ✓ Compiled in 47ms (245 modules)
 GET / 200 in 54ms
 ✓ Compiled /event in 464ms (644 modules)
 GET /event?id=evt_9c1144122ffb4d84 200 in 563ms
 ✓ Compiled in 242ms (658 modules)
 GET /event?id=evt_9c1144122ffb4d84 200 in 62ms
 GET /event?id=evt_9c1144122ffb4d84 200 in 174ms
 ✓ Compiled in 277ms (644 modules)
 ✓ Compiled in 375ms (658 modules)
 ✓ Compiled in 305ms (658 modules)
 ✓ Compiled in 252ms (644 modules)
 ⚠ Fast Refresh had to perform a full reload. Read more: https://nextjs.org/docs/messages/fast-refresh-reload
 GET /event?id=evt_9c1144122ffb4d84 200 in 254ms
 GET /event?id=evt_9c1144122ffb4d84 200 in 230ms
 GET /event?id=evt_9c1144122ffb4d84 200 in 57ms
 GET /event?id=evt_fc2f4230546b4a0b 200 in 42ms
 GET / 200 in 86ms
 GET / 200 in 37ms
 ✓ Compiled in 241ms (644 modules)
